<?xml version="1.0" encoding="UTF-8"?>
<testsuite xmlns:xsi="http://www.w3.org/2001/XMLSchema-instance" xsi:noNamespaceSchemaLocation="https://maven.apache.org/surefire/maven-surefire-plugin/xsd/surefire-test-report.xsd" name="cn.zhx2019.AppTest" time="0.041" tests="1" errors="0" skipped="0" failures="0">
  <properties>
    <property name="sun.desktop" value="windows"/>
    <property name="awt.toolkit" value="sun.awt.windows.WToolkit"/>
    <property name="file.encoding.pkg" value="sun.io"/>
    <property name="java.specification.version" value="1.8"/>
    <property name="sun.cpu.isalist" value="amd64"/>
    <property name="sun.jnu.encoding" value="GBK"/>
    <property name="java.class.path" value="E:\JavaProject\Young2.0\young-common\target\test-classes;E:\JavaProject\Young2.0\young-common\target\classes;E:\JavaProject\Young2.0\young-api\target\young-api-1.0-SNAPSHOT.jar;D:\Maven\maven-jar\com\fasterxml\jackson\core\jackson-databind\2.9.9.1\jackson-databind-2.9.9.1.jar;D:\Maven\maven-jar\com\fasterxml\jackson\core\jackson-annotations\2.9.0\jackson-annotations-2.9.0.jar;D:\Maven\maven-jar\com\fasterxml\jackson\core\jackson-core\2.9.9\jackson-core-2.9.9.jar;D:\Maven\maven-jar\junit\junit\4.12\junit-4.12.jar;D:\Maven\maven-jar\org\hamcrest\hamcrest-core\1.3\hamcrest-core-1.3.jar;D:\Maven\maven-jar\org\slf4j\slf4j-log4j12\1.7.25\slf4j-log4j12-1.7.25.jar;D:\Maven\maven-jar\org\slf4j\slf4j-api\1.7.25\slf4j-api-1.7.25.jar;D:\Maven\maven-jar\log4j\log4j\1.2.17\log4j-1.2.17.jar;D:\Maven\maven-jar\org\mybatis\mybatis\3.2.8\mybatis-3.2.8.jar;D:\Maven\maven-jar\org\mybatis\mybatis-spring\1.2.2\mybatis-spring-1.2.2.jar;D:\Maven\maven-jar\com\github\miemiedev\mybatis-paginator\1.2.15\mybatis-paginator-1.2.15.jar;D:\Maven\maven-jar\com\github\pagehelper\pagehelper\4.1.6\pagehelper-4.1.6.jar;D:\Maven\maven-jar\com\github\jsqlparser\jsqlparser\0.9.5\jsqlparser-0.9.5.jar;D:\Maven\maven-jar\mysql\mysql-connector-java\5.1.32\mysql-connector-java-5.1.32.jar;D:\Maven\maven-jar\com\alibaba\druid\1.1.9\druid-1.1.9.jar;D:\Maven\maven-jar\org\springframework\spring-context\4.3.12.RELEASE\spring-context-4.3.12.RELEASE.jar;D:\Maven\maven-jar\org\springframework\spring-aop\4.3.12.RELEASE\spring-aop-4.3.12.RELEASE.jar;D:\Maven\maven-jar\org\springframework\spring-core\4.3.12.RELEASE\spring-core-4.3.12.RELEASE.jar;D:\Maven\maven-jar\commons-logging\commons-logging\1.2\commons-logging-1.2.jar;D:\Maven\maven-jar\org\springframework\spring-expression\4.3.12.RELEASE\spring-expression-4.3.12.RELEASE.jar;D:\Maven\maven-jar\org\springframework\spring-beans\4.3.12.RELEASE\spring-beans-4.3.12.RELEASE.jar;D:\Maven\maven-jar\org\springframework\spring-webmvc\4.3.12.RELEASE\spring-webmvc-4.3.12.RELEASE.jar;D:\Maven\maven-jar\org\springframework\spring-web\4.3.12.RELEASE\spring-web-4.3.12.RELEASE.jar;D:\Maven\maven-jar\org\springframework\spring-jdbc\4.3.12.RELEASE\spring-jdbc-4.3.12.RELEASE.jar;D:\Maven\maven-jar\org\springframework\spring-tx\4.3.12.RELEASE\spring-tx-4.3.12.RELEASE.jar;D:\Maven\maven-jar\org\springframework\spring-aspects\4.3.12.RELEASE\spring-aspects-4.3.12.RELEASE.jar;D:\Maven\maven-jar\org\aspectj\aspectjweaver\1.8.9\aspectjweaver-1.8.9.jar;D:\Maven\maven-jar\org\springframework\spring-jms\4.3.12.RELEASE\spring-jms-4.3.12.RELEASE.jar;D:\Maven\maven-jar\org\springframework\spring-messaging\4.3.12.RELEASE\spring-messaging-4.3.12.RELEASE.jar;D:\Maven\maven-jar\org\springframework\spring-context-support\4.3.12.RELEASE\spring-context-support-4.3.12.RELEASE.jar;D:\Maven\maven-jar\jstl\jstl\1.2\jstl-1.2.jar;D:\Maven\maven-jar\javax\servlet\javax.servlet-api\3.1.0\javax.servlet-api-3.1.0.jar;D:\Maven\maven-jar\javax\servlet\jsp\javax.servlet.jsp-api\2.3.1\javax.servlet.jsp-api-2.3.1.jar;D:\Maven\maven-jar\com\alibaba\dubbo\2.5.3\dubbo-2.5.3.jar;D:\Maven\maven-jar\org\javassist\javassist\3.15.0-GA\javassist-3.15.0-GA.jar;D:\Maven\maven-jar\org\jboss\netty\netty\3.2.5.Final\netty-3.2.5.Final.jar;D:\Maven\maven-jar\org\apache\zookeeper\zookeeper\3.4.14\zookeeper-3.4.14.jar;D:\Maven\maven-jar\com\github\spotbugs\spotbugs-annotations\3.1.9\spotbugs-annotations-3.1.9.jar;D:\Maven\maven-jar\com\google\code\findbugs\jsr305\3.0.2\jsr305-3.0.2.jar;D:\Maven\maven-jar\jline\jline\0.9.94\jline-0.9.94.jar;D:\Maven\maven-jar\org\apache\yetus\audience-annotations\0.5.0\audience-annotations-0.5.0.jar;D:\Maven\maven-jar\io\netty\netty\3.10.6.Final\netty-3.10.6.Final.jar;D:\Maven\maven-jar\com\github\sgroschupf\zkclient\0.1\zkclient-0.1.jar;D:\Maven\maven-jar\cn\hutool\hutool-all\4.1.12\hutool-all-4.1.12.jar;D:\Maven\maven-jar\io\springfox\springfox-swagger2\2.6.1\springfox-swagger2-2.6.1.jar;D:\Maven\maven-jar\io\swagger\swagger-annotations\1.5.10\swagger-annotations-1.5.10.jar;D:\Maven\maven-jar\io\swagger\swagger-models\1.5.10\swagger-models-1.5.10.jar;D:\Maven\maven-jar\io\springfox\springfox-spi\2.6.1\springfox-spi-2.6.1.jar;D:\Maven\maven-jar\io\springfox\springfox-core\2.6.1\springfox-core-2.6.1.jar;D:\Maven\maven-jar\io\springfox\springfox-schema\2.6.1\springfox-schema-2.6.1.jar;D:\Maven\maven-jar\io\springfox\springfox-swagger-common\2.6.1\springfox-swagger-common-2.6.1.jar;D:\Maven\maven-jar\io\springfox\springfox-spring-web\2.6.1\springfox-spring-web-2.6.1.jar;D:\Maven\maven-jar\com\google\guava\guava\18.0\guava-18.0.jar;D:\Maven\maven-jar\com\fasterxml\classmate\1.3.1\classmate-1.3.1.jar;D:\Maven\maven-jar\org\springframework\plugin\spring-plugin-core\1.2.0.RELEASE\spring-plugin-core-1.2.0.RELEASE.jar;D:\Maven\maven-jar\org\springframework\plugin\spring-plugin-metadata\1.2.0.RELEASE\spring-plugin-metadata-1.2.0.RELEASE.jar;D:\Maven\maven-jar\org\mapstruct\mapstruct\1.0.0.Final\mapstruct-1.0.0.Final.jar;D:\Maven\maven-jar\io\springfox\springfox-swagger-ui\2.6.1\springfox-swagger-ui-2.6.1.jar;"/>
    <property name="java.vm.vendor" value="Oracle Corporation"/>
    <property name="sun.arch.data.model" value="64"/>
    <property name="user.variant" value=""/>
    <property name="java.vendor.url" value="http://java.oracle.com/"/>
    <property name="user.timezone" value="Asia/Shanghai"/>
    <property name="java.vm.specification.version" value="1.8"/>
    <property name="os.name" value="Windows 7"/>
    <property name="user.country" value="CN"/>
    <property name="sun.java.launcher" value="SUN_STANDARD"/>
    <property name="sun.boot.library.path" value="D:\Program Files\Java\jdk1.8.0_181\jre\bin"/>
    <property name="sun.java.command" value="C:\Users\ADMINI~1\AppData\Local\Temp\surefire6012042672100891416\surefirebooter6327002114159869644.jar C:\Users\Administrator\AppData\Local\Temp\surefire6012042672100891416 2019-07-30T22-53-22_005-jvmRun1 surefire6857075551348269483tmp surefire_02425529829345242590tmp"/>
    <property name="surefire.test.class.path" value="E:\JavaProject\Young2.0\young-common\target\test-classes;E:\JavaProject\Young2.0\young-common\target\classes;E:\JavaProject\Young2.0\young-api\target\young-api-1.0-SNAPSHOT.jar;D:\Maven\maven-jar\com\fasterxml\jackson\core\jackson-databind\2.9.9.1\jackson-databind-2.9.9.1.jar;D:\Maven\maven-jar\com\fasterxml\jackson\core\jackson-annotations\2.9.0\jackson-annotations-2.9.0.jar;D:\Maven\maven-jar\com\fasterxml\jackson\core\jackson-core\2.9.9\jackson-core-2.9.9.jar;D:\Maven\maven-jar\junit\junit\4.12\junit-4.12.jar;D:\Maven\maven-jar\org\hamcrest\hamcrest-core\1.3\hamcrest-core-1.3.jar;D:\Maven\maven-jar\org\slf4j\slf4j-log4j12\1.7.25\slf4j-log4j12-1.7.25.jar;D:\Maven\maven-jar\org\slf4j\slf4j-api\1.7.25\slf4j-api-1.7.25.jar;D:\Maven\maven-jar\log4j\log4j\1.2.17\log4j-1.2.17.jar;D:\Maven\maven-jar\org\mybatis\mybatis\3.2.8\mybatis-3.2.8.jar;D:\Maven\maven-jar\org\mybatis\mybatis-spring\1.2.2\mybatis-spring-1.2.2.jar;D:\Maven\maven-jar\com\github\miemiedev\mybatis-paginator\1.2.15\mybatis-paginator-1.2.15.jar;D:\Maven\maven-jar\com\github\pagehelper\pagehelper\4.1.6\pagehelper-4.1.6.jar;D:\Maven\maven-jar\com\github\jsqlparser\jsqlparser\0.9.5\jsqlparser-0.9.5.jar;D:\Maven\maven-jar\mysql\mysql-connector-java\5.1.32\mysql-connector-java-5.1.32.jar;D:\Maven\maven-jar\com\alibaba\druid\1.1.9\druid-1.1.9.jar;D:\Maven\maven-jar\org\springframework\spring-context\4.3.12.RELEASE\spring-context-4.3.12.RELEASE.jar;D:\Maven\maven-jar\org\springframework\spring-aop\4.3.12.RELEASE\spring-aop-4.3.12.RELEASE.jar;D:\Maven\maven-jar\org\springframework\spring-core\4.3.12.RELEASE\spring-core-4.3.12.RELEASE.jar;D:\Maven\maven-jar\commons-logging\commons-logging\1.2\commons-logging-1.2.jar;D:\Maven\maven-jar\org\springframework\spring-expression\4.3.12.RELEASE\spring-expression-4.3.12.RELEASE.jar;D:\Maven\maven-jar\org\springframework\spring-beans\4.3.12.RELEASE\spring-beans-4.3.12.RELEASE.jar;D:\Maven\maven-jar\org\springframework\spring-webmvc\4.3.12.RELEASE\spring-webmvc-4.3.12.RELEASE.jar;D:\Maven\maven-jar\org\springframework\spring-web\4.3.12.RELEASE\spring-web-4.3.12.RELEASE.jar;D:\Maven\maven-jar\org\springframework\spring-jdbc\4.3.12.RELEASE\spring-jdbc-4.3.12.RELEASE.jar;D:\Maven\maven-jar\org\springframework\spring-tx\4.3.12.RELEASE\spring-tx-4.3.12.RELEASE.jar;D:\Maven\maven-jar\org\springframework\spring-aspects\4.3.12.RELEASE\spring-aspects-4.3.12.RELEASE.jar;D:\Maven\maven-jar\org\aspectj\aspectjweaver\1.8.9\aspectjweaver-1.8.9.jar;D:\Maven\maven-jar\org\springframework\spring-jms\4.3.12.RELEASE\spring-jms-4.3.12.RELEASE.jar;D:\Maven\maven-jar\org\springframework\spring-messaging\4.3.12.RELEASE\spring-messaging-4.3.12.RELEASE.jar;D:\Maven\maven-jar\org\springframework\spring-context-support\4.3.12.RELEASE\spring-context-support-4.3.12.RELEASE.jar;D:\Maven\maven-jar\jstl\jstl\1.2\jstl-1.2.jar;D:\Maven\maven-jar\javax\servlet\javax.servlet-api\3.1.0\javax.servlet-api-3.1.0.jar;D:\Maven\maven-jar\javax\servlet\jsp\javax.servlet.jsp-api\2.3.1\javax.servlet.jsp-api-2.3.1.jar;D:\Maven\maven-jar\com\alibaba\dubbo\2.5.3\dubbo-2.5.3.jar;D:\Maven\maven-jar\org\javassist\javassist\3.15.0-GA\javassist-3.15.0-GA.jar;D:\Maven\maven-jar\org\jboss\netty\netty\3.2.5.Final\netty-3.2.5.Final.jar;D:\Maven\maven-jar\org\apache\zookeeper\zookeeper\3.4.14\zookeeper-3.4.14.jar;D:\Maven\maven-jar\com\github\spotbugs\spotbugs-annotations\3.1.9\spotbugs-annotations-3.1.9.jar;D:\Maven\maven-jar\com\google\code\findbugs\jsr305\3.0.2\jsr305-3.0.2.jar;D:\Maven\maven-jar\jline\jline\0.9.94\jline-0.9.94.jar;D:\Maven\maven-jar\org\apache\yetus\audience-annotations\0.5.0\audience-annotations-0.5.0.jar;D:\Maven\maven-jar\io\netty\netty\3.10.6.Final\netty-3.10.6.Final.jar;D:\Maven\maven-jar\com\github\sgroschupf\zkclient\0.1\zkclient-0.1.jar;D:\Maven\maven-jar\cn\hutool\hutool-all\4.1.12\hutool-all-4.1.12.jar;D:\Maven\maven-jar\io\springfox\springfox-swagger2\2.6.1\springfox-swagger2-2.6.1.jar;D:\Maven\maven-jar\io\swagger\swagger-annotations\1.5.10\swagger-annotations-1.5.10.jar;D:\Maven\maven-jar\io\swagger\swagger-models\1.5.10\swagger-models-1.5.10.jar;D:\Maven\maven-jar\io\springfox\springfox-spi\2.6.1\springfox-spi-2.6.1.jar;D:\Maven\maven-jar\io\springfox\springfox-core\2.6.1\springfox-core-2.6.1.jar;D:\Maven\maven-jar\io\springfox\springfox-schema\2.6.1\springfox-schema-2.6.1.jar;D:\Maven\maven-jar\io\springfox\springfox-swagger-common\2.6.1\springfox-swagger-common-2.6.1.jar;D:\Maven\maven-jar\io\springfox\springfox-spring-web\2.6.1\springfox-spring-web-2.6.1.jar;D:\Maven\maven-jar\com\google\guava\guava\18.0\guava-18.0.jar;D:\Maven\maven-jar\com\fasterxml\classmate\1.3.1\classmate-1.3.1.jar;D:\Maven\maven-jar\org\springframework\plugin\spring-plugin-core\1.2.0.RELEASE\spring-plugin-core-1.2.0.RELEASE.jar;D:\Maven\maven-jar\org\springframework\plugin\spring-plugin-metadata\1.2.0.RELEASE\spring-plugin-metadata-1.2.0.RELEASE.jar;D:\Maven\maven-jar\org\mapstruct\mapstruct\1.0.0.Final\mapstruct-1.0.0.Final.jar;D:\Maven\maven-jar\io\springfox\springfox-swagger-ui\2.6.1\springfox-swagger-ui-2.6.1.jar;"/>
    <property name="sun.cpu.endian" value="little"/>
    <property name="user.home" value="C:\Users\Administrator"/>
    <property name="user.language" value="zh"/>
    <property name="java.specification.vendor" value="Oracle Corporation"/>
    <property name="java.home" value="D:\Program Files\Java\jdk1.8.0_181\jre"/>
    <property name="basedir" value="E:\JavaProject\Young2.0\young-common"/>
    <property name="file.separator" value="\"/>
    <property name="line.separator" value="&#10;"/>
    <property name="java.vm.specification.vendor" value="Oracle Corporation"/>
    <property name="java.specification.name" value="Java Platform API Specification"/>
    <property name="java.awt.graphicsenv" value="sun.awt.Win32GraphicsEnvironment"/>
    <property name="surefire.real.class.path" value="C:\Users\ADMINI~1\AppData\Local\Temp\surefire6012042672100891416\surefirebooter6327002114159869644.jar"/>
    <property name="sun.boot.class.path" value="D:\Program Files\Java\jdk1.8.0_181\jre\lib\resources.jar;D:\Program Files\Java\jdk1.8.0_181\jre\lib\rt.jar;D:\Program Files\Java\jdk1.8.0_181\jre\lib\sunrsasign.jar;D:\Program Files\Java\jdk1.8.0_181\jre\lib\jsse.jar;D:\Program Files\Java\jdk1.8.0_181\jre\lib\jce.jar;D:\Program Files\Java\jdk1.8.0_181\jre\lib\charsets.jar;D:\Program Files\Java\jdk1.8.0_181\jre\lib\jfr.jar;D:\Program Files\Java\jdk1.8.0_181\jre\classes"/>
    <property name="user.script" value=""/>
    <property name="sun.management.compiler" value="HotSpot 64-Bit Tiered Compilers"/>
    <property name="java.runtime.version" value="1.8.0_181-b13"/>
    <property name="user.name" value="Administrator"/>
    <property name="path.separator" value=";"/>
    <property name="os.version" value="6.1"/>
    <property name="java.endorsed.dirs" value="D:\Program Files\Java\jdk1.8.0_181\jre\lib\endorsed"/>
    <property name="java.runtime.name" value="Java(TM) SE Runtime Environment"/>
    <property name="file.encoding" value="GBK"/>
    <property name="java.vm.name" value="Java HotSpot(TM) 64-Bit Server VM"/>
    <property name="localRepository" value="D:\Maven\maven-jar"/>
    <property name="java.vendor.url.bug" value="http://bugreport.sun.com/bugreport/"/>
    <property name="java.io.tmpdir" value="C:\Users\ADMINI~1\AppData\Local\Temp\"/>
    <property name="idea.version" value="2018.3"/>
    <property name="java.version" value="1.8.0_181"/>
    <property name="user.dir" value="E:\JavaProject\Young2.0\young-common"/>
    <property name="os.arch" value="amd64"/>
    <property name="java.vm.specification.name" value="Java Virtual Machine Specification"/>
    <property name="java.awt.printerjob" value="sun.awt.windows.WPrinterJob"/>
    <property name="sun.os.patch.level" value="Service Pack 1"/>
    <property name="java.library.path" value="D:\Program Files\Java\jdk1.8.0_181\jre\bin;C:\Windows\Sun\Java\bin;C:\Windows\system32;C:\Windows;C:\Program Files (x86)\Common Files\Oracle\Java\javapath;D:\Program Files\Java\jdk1.8.0_181\bin;D:\Program Files\Java\jdk1.8.0_181\jre\bin;D:\Program Files\Python 3.6.4\Scripts\;D:\Program Files\apache-maven-3.6.0\bin\;D:\Program Files\Python 3.6.4\;C:\Windows\system32;C:\Windows;C:\Windows\System32\Wbem;C:\Windows\System32\WindowsPowerShell\v1.0\;D:\QuickTime\QTSystem\;C:\Program Files (x86)\NVIDIA Corporation\PhysX\Common;D:\Program Files\MySQL-5.7.21\bin;D:\Program Files\Git\cmd;;D:\Program Files (x86)\Bitvise SSH Client;D:\Program Files\redis;C:\Program Files\NVIDIA Corporation\NVIDIA NvDLISR;D:\Program Files (x86)\Rational\common;D:\Program Files\Dev-Cpp\MinGW64\bin; D:\Program Files\Python 3.6.4;C:\Program Files\Microsoft VS Code\bin;D:\Program Files\IntelliJ IDEA 2018.3\bin;;."/>
    <property name="java.vm.info" value="mixed mode"/>
    <property name="java.vendor" value="Oracle Corporation"/>
    <property name="java.vm.version" value="25.181-b13"/>
    <property name="java.ext.dirs" value="D:\Program Files\Java\jdk1.8.0_181\jre\lib\ext;C:\Windows\Sun\Java\lib\ext"/>
    <property name="sun.io.unicode.encoding" value="UnicodeLittle"/>
    <property name="java.class.version" value="52.0"/>
  </properties>
  <testcase name="shouldAnswerWithTrue" classname="cn.zhx2019.AppTest" time="0.002"/>
</testsuite>